<?xml version="1.0" encoding="UTF-8"?>
<coverage generated="1723505190355" clover="3.2.0">
  <project timestamp="1723505190355" name="All files">
    <metrics statements="3" coveredstatements="3" conditionals="0" coveredconditionals="0" methods="2" coveredmethods="2" elements="5" coveredelements="5" complexity="0" loc="3" ncloc="3" packages="1" files="2" classes="2"/>
    <file name="add.ts" path="C:\Users\danha\source\repos\Web\WebTemplate\src\add.ts">
      <metrics statements="1" coveredstatements="1" conditionals="0" coveredconditionals="0" methods="1" coveredmethods="1"/>
      <line num="1" count="4" type="stmt"/>
    </file>
    <file name="greet.ts" path="C:\Users\danha\source\repos\Web\WebTemplate\src\greet.ts">
      <metrics statements="2" coveredstatements="2" conditionals="0" coveredconditionals="0" methods="1" coveredmethods="1"/>
      <line num="1" count="1" type="stmt"/>
      <line num="2" count="1" type="stmt"/>
    </file>
  </project>
</coverage>
