<?xml version="1.0" encoding="UTF-8"?>
<coverage generated="1723503768241" clover="3.2.0">
  <project timestamp="1723503768241" name="All files">
    <metrics statements="5" coveredstatements="5" conditionals="0" coveredconditionals="0" methods="3" coveredmethods="3" elements="8" coveredelements="8" complexity="0" loc="5" ncloc="5" packages="1" files="3" classes="3"/>
    <file name="add.ts" path="C:\Users\danha\source\repos\Web\WebTemplate\src\add.ts">
      <metrics statements="1" coveredstatements="1" conditionals="0" coveredconditionals="0" methods="1" coveredmethods="1"/>
      <line num="1" count="4" type="stmt"/>
    </file>
    <file name="calculator.ts" path="C:\Users\danha\source\repos\Web\WebTemplate\src\calculator.ts">
      <metrics statements="2" coveredstatements="2" conditionals="0" coveredconditionals="0" methods="1" coveredmethods="1"/>
      <line num="1" count="1" type="stmt"/>
      <line num="2" count="3" type="stmt"/>
    </file>
    <file name="greet.ts" path="C:\Users\danha\source\repos\Web\WebTemplate\src\greet.ts">
      <metrics statements="2" coveredstatements="2" conditionals="0" coveredconditionals="0" methods="1" coveredmethods="1"/>
      <line num="1" count="1" type="stmt"/>
      <line num="2" count="1" type="stmt"/>
    </file>
  </project>
</coverage>
